Using pre-set license
Built from '2020.3/staging' branch; Version is '2020.3.16f1 (049d6eca3c44) revision 302446'; Using compiler version '192528614'; Build Type 'Release'
OS: 'Windows 10 Home Single Language; OS build 22454.1000; Version 2009; 64bit' Language: 'en' Physical Memory: 15731 MB
BatchMode: 1, IsHumanControllingUs: 0, StartBugReporterOnCrash: 0, Is64bit: 1, IsPro: 0

 COMMAND LINE ARGUMENTS:
C:\Program Files\Unity\Hub\Editor\2020.3.16f1\Editor\Unity.exe
-adb2
-batchMode
-noUpm
-name
AssetImportWorker0
-projectPath
C:/Users/bagas/OneDrive - Institut Teknologi Sepuluh Nopember/Dokumen/GitHub/pkm/2d endless run game
-logFile
Logs/AssetImportWorker0.log
-srvPort
57739
Successfully changed project path to: C:/Users/bagas/OneDrive - Institut Teknologi Sepuluh Nopember/Dokumen/GitHub/pkm/2d endless run game
C:/Users/bagas/OneDrive - Institut Teknologi Sepuluh Nopember/Dokumen/GitHub/pkm/2d endless run game
Using Asset Import Pipeline V2.
Refreshing native plugins compatible for Editor in 42.61 ms, found 3 plugins.
Preloading 0 native plugins for Editor in 0.00 ms.
Initialize engine version: 2020.3.16f1 (049d6eca3c44)
[Subsystems] Discovering subsystems at path C:/Program Files/Unity/Hub/Editor/2020.3.16f1/Editor/Data/Resources/UnitySubsystems
[Subsystems] Discovering subsystems at path C:/Users/bagas/OneDrive - Institut Teknologi Sepuluh Nopember/Dokumen/GitHub/pkm/2d endless run game/Assets
GfxDevice: creating device client; threaded=0
Direct3D:
    Version:  Direct3D 11.0 [level 11.1]
    Renderer: NVIDIA GeForce RTX 2060 (ID=0x1f15)
    Vendor:   
    VRAM:     5980 MB
    Driver:   27.21.14.6280
Initialize mono
Mono path[0] = 'C:/Program Files/Unity/Hub/Editor/2020.3.16f1/Editor/Data/Managed'
Mono path[1] = 'C:/Program Files/Unity/Hub/Editor/2020.3.16f1/Editor/Data/MonoBleedingEdge/lib/mono/unityjit'
Mono config path = 'C:/Program Files/Unity/Hub/Editor/2020.3.16f1/Editor/Data/MonoBleedingEdge/etc'
Using monoOptions --debugger-agent=transport=dt_socket,embedding=1,server=y,suspend=n,address=127.0.0.1:56576
Begin MonoManager ReloadAssembly
Registering precompiled unity dll's ...
Register platform support module: C:/Program Files/Unity/Hub/Editor/2020.3.16f1/Editor/Data/PlaybackEngines/WebGLSupport/UnityEditor.WebGL.Extensions.dll
Register platform support module: C:/Program Files/Unity/Hub/Editor/2020.3.16f1/Editor/Data/PlaybackEngines/WindowsStandaloneSupport/UnityEditor.WindowsStandalone.Extensions.dll
Registered in 0.002508 seconds.
Native extension for WindowsStandalone target not found
Native extension for WebGL target not found
Refreshing native plugins compatible for Editor in 41.65 ms, found 3 plugins.
Preloading 0 native plugins for Editor in 0.00 ms.
Mono: successfully reloaded assembly
- Completed reload, in  1.101 seconds
Domain Reload Profiling:
	ReloadAssembly (1101ms)
		BeginReloadAssembly (53ms)
			ExecutionOrderSort (0ms)
			DisableScriptedObjects (0ms)
			BackupInstance (0ms)
			ReleaseScriptingObjects (0ms)
			CreateAndSetChildDomain (1ms)
		EndReloadAssembly (409ms)
			LoadAssemblies (51ms)
			RebuildTransferFunctionScriptingTraits (0ms)
			SetupTypeCache (140ms)
			ReleaseScriptCaches (0ms)
			RebuildScriptCaches (29ms)
			SetupLoadedEditorAssemblies (161ms)
				LogAssemblyErrors (0ms)
				InitializePlatformSupportModulesInManaged (5ms)
				SetLoadedEditorAssemblies (0ms)
				RefreshPlugins (42ms)
				BeforeProcessingInitializeOnLoad (8ms)
				ProcessInitializeOnLoadAttributes (78ms)
				ProcessInitializeOnLoadMethodAttributes (28ms)
				AfterProcessingInitializeOnLoad (0ms)
				EditorAssembliesLoaded (0ms)
			ExecutionOrderSort2 (0ms)
			AwakeInstancesAfterBackupRestoration (0ms)
Platform modules already initialized, skipping
Registering precompiled user dll's ...
Registered in 0.004498 seconds.
Begin MonoManager ReloadAssembly
Native extension for WindowsStandalone target not found
Native extension for WebGL target not found
Refreshing native plugins compatible for Editor in 41.01 ms, found 3 plugins.
Preloading 0 native plugins for Editor in 0.00 ms.
Mono: successfully reloaded assembly
- Completed reload, in  1.087 seconds
Domain Reload Profiling:
	ReloadAssembly (1088ms)
		BeginReloadAssembly (130ms)
			ExecutionOrderSort (0ms)
			DisableScriptedObjects (4ms)
			BackupInstance (0ms)
			ReleaseScriptingObjects (0ms)
			CreateAndSetChildDomain (17ms)
		EndReloadAssembly (898ms)
			LoadAssemblies (86ms)
			RebuildTransferFunctionScriptingTraits (0ms)
			SetupTypeCache (251ms)
			ReleaseScriptCaches (0ms)
			RebuildScriptCaches (45ms)
			SetupLoadedEditorAssemblies (400ms)
				LogAssemblyErrors (0ms)
				InitializePlatformSupportModulesInManaged (5ms)
				SetLoadedEditorAssemblies (0ms)
				RefreshPlugins (41ms)
				BeforeProcessingInitializeOnLoad (68ms)
				ProcessInitializeOnLoadAttributes (266ms)
				ProcessInitializeOnLoadMethodAttributes (12ms)
				AfterProcessingInitializeOnLoad (6ms)
				EditorAssembliesLoaded (0ms)
			ExecutionOrderSort2 (0ms)
			AwakeInstancesAfterBackupRestoration (5ms)
Platform modules already initialized, skipping
========================================================================
Worker process is ready to serve import requests
Launched and connected shader compiler UnityShaderCompiler.exe after 0.08 seconds
Refreshing native plugins compatible for Editor in 0.45 ms, found 3 plugins.
Preloading 0 native plugins for Editor in 0.00 ms.
Unloading 2094 Unused Serialized files (Serialized files now loaded: 0)
System memory in use before: 93.9 MB.
System memory in use after: 94.0 MB.

Unloading 28 unused Assets to reduce memory usage. Loaded Objects now: 2531.
Total: 4.920400 ms (FindLiveObjects: 0.305400 ms CreateObjectMapping: 0.047700 ms MarkObjects: 4.472300 ms  DeleteObjects: 0.092500 ms)

AssetImportParameters requested are different than current active one (requested -> active):
  custom:framework-win-MediaFoundation: 216162199b28c13a410421893ffa2e32 -> 
  custom:video-decoder-ogg-theora: a1e56fd34408186e4bbccfd4996cb3dc -> 
  custom:container-muxer-webm: aa71ff27fc2769a1b78a27578f13a17b -> 
  custom:container-demuxer-webm: 4f35f7cbe854078d1ac9338744f61a02 -> 
  custom:container-demuxer-ogg: 62fdf1f143b41e24485cea50d1cbac27 -> 
  custom:video-encoder-webm-vp8: eb34c28f22e8b96e1ab97ce403110664 -> 
  custom:video-decoder-webm-vp8: 9c59270c3fd7afecdb556c50c9e8de78 -> 
  custom:audio-decoder-ogg-vorbis: bf7c407c2cedff20999df2af8eb42d56 -> 
  custom:audio-encoder-webm-vorbis: bf7c407c2cedff20999df2af8eb42d56 -> 
========================================================================
Received Import Request.
  path: Assets/prefabs/Ground template 2.prefab
  artifactKey: Guid(9ec3056ae8720d546a615f78c0e7af4b) Importer(815301076,1909f56bfc062723c751e8b465ee728b)
Start importing Assets/prefabs/Ground template 2.prefab using Guid(9ec3056ae8720d546a615f78c0e7af4b) Importer(815301076,1909f56bfc062723c751e8b465ee728b)  -> (artifact id: '5f763ef3d305fc705fff39706ddd4fae') in 0.111380 seconds 
  Import took 0.117383 seconds .

========================================================================
Received Import Request.
  Time since last request: 0.000407 seconds.
  path: Assets/prefabs/Ground template 3.prefab
  artifactKey: Guid(52e3b7001d09c504e9857da02fcde2d8) Importer(815301076,1909f56bfc062723c751e8b465ee728b)
Start importing Assets/prefabs/Ground template 3.prefab using Guid(52e3b7001d09c504e9857da02fcde2d8) Importer(815301076,1909f56bfc062723c751e8b465ee728b)  -> (artifact id: '71f15f931217d1907e14090c710623f5') in 0.025023 seconds 
  Import took 0.031217 seconds .

========================================================================
Received Import Request.
  Time since last request: 0.000273 seconds.
  path: Assets/prefabs/Ground template 1.prefab
  artifactKey: Guid(30751af90b381444baa21fb161f6c976) Importer(815301076,1909f56bfc062723c751e8b465ee728b)
Start importing Assets/prefabs/Ground template 1.prefab using Guid(30751af90b381444baa21fb161f6c976) Importer(815301076,1909f56bfc062723c751e8b465ee728b)  -> (artifact id: 'bc2bcf27f81a4095ced48577690fe550') in 0.021700 seconds 
  Import took 0.027889 seconds .

========================================================================
Received Import Request.
  Time since last request: 163.510646 seconds.
  path: Assets/scripts/CharacterSoundController.cs
  artifactKey: Guid(b07a8b2c29fc8a9448ffc4860ef22ebb) Importer(815301076,1909f56bfc062723c751e8b465ee728b)
Start importing Assets/scripts/CharacterSoundController.cs using Guid(b07a8b2c29fc8a9448ffc4860ef22ebb) Importer(815301076,1909f56bfc062723c751e8b465ee728b)  -> (artifact id: 'b129b3b7075896d6d4d0e454fcdca3a6') in 0.016818 seconds 
  Import took 0.023734 seconds .

========================================================================
Received Import Request.
  Time since last request: 430.334780 seconds.
  path: Assets/prefabs/Ground Level 1.prefab
  artifactKey: Guid(bc00609f4dc08ae48b600f225f810f91) Importer(815301076,1909f56bfc062723c751e8b465ee728b)
Start importing Assets/prefabs/Ground Level 1.prefab using Guid(bc00609f4dc08ae48b600f225f810f91) Importer(815301076,1909f56bfc062723c751e8b465ee728b)  -> (artifact id: '98c64e31c65fb434203dd4da5d95909c') in 0.013521 seconds 
  Import took 0.020466 seconds .

========================================================================
Received Import Request.
  Time since last request: 0.000291 seconds.
  path: Assets/prefabs/Ground Level.prefab
  artifactKey: Guid(ca1295f69a8a74a45b2b113faaf2e4e0) Importer(815301076,1909f56bfc062723c751e8b465ee728b)
Start importing Assets/prefabs/Ground Level.prefab using Guid(ca1295f69a8a74a45b2b113faaf2e4e0) Importer(815301076,1909f56bfc062723c751e8b465ee728b)  -> (artifact id: '0749fdb063e81925660afadf7dfb115d') in 0.012549 seconds 
  Import took 0.019180 seconds .

========================================================================
Received Import Request.
  Time since last request: 0.000246 seconds.
  path: Assets/prefabs/lava.prefab
  artifactKey: Guid(1ed22f7c330c1bb4386195547a9a871b) Importer(815301076,1909f56bfc062723c751e8b465ee728b)
Start importing Assets/prefabs/lava.prefab using Guid(1ed22f7c330c1bb4386195547a9a871b) Importer(815301076,1909f56bfc062723c751e8b465ee728b)  -> (artifact id: 'a84b04c6c382db8f753e488b736f4291') in 0.013458 seconds 
  Import took 0.020109 seconds .

========================================================================
Received Import Request.
  Time since last request: 0.000242 seconds.
  path: Assets/prefabs/Ground.prefab
  artifactKey: Guid(0265f98a5af802d44adce4768cd0e821) Importer(815301076,1909f56bfc062723c751e8b465ee728b)
Start importing Assets/prefabs/Ground.prefab using Guid(0265f98a5af802d44adce4768cd0e821) Importer(815301076,1909f56bfc062723c751e8b465ee728b)  -> (artifact id: '5b0db2d97d1edcc75be047fc7266879d') in 0.013132 seconds 
  Import took 0.020082 seconds .

AssetImportWorkerClient::OnTransportError - code=2 error=End of file
